SERVER 2 ACTIVE
SERVER 2 CONNECT FROM CLIENT
SERVER 2 INCOMING FROM b381108a63c5403d @ 1743418777415934
SERVER 7 ACTIVE
SERVER 7 CONNECT FROM CLIENT
SERVER 7 CONNECT FROM CLIENT
SERVER 7 INCOMING FROM beae830adc6db741 @ 1743418777416257
SERVER 7 INCOMING FROM b381108a63c5403d @ 1743418777822393
SERVER 4 ACTIVE
SERVER 4 CONNECT FROM CLIENT
SERVER 4 CONNECT FROM CLIENT
SERVER 4 CONNECT FROM CLIENT
SERVER 4 INCOMING FROM 4f4677336de6a037 @ 1743418777973520
SERVER 2 CONNECT FROM CLIENT
SERVER 2 CONNECT FROM CLIENT
SERVER 2 CONNECT FROM CLIENT
SERVER 2 INCOMING FROM 441904b3f53f2833 @ 1743418777974529
SERVER 4 CONNECT FROM CLIENT
SERVER 4 INCOMING FROM b381108a63c5403d @ 1743418778227453
SERVER 4 INCOMING FROM b381108a63c5403d @ 1743418778631279
SERVER 8 ACTIVE
SERVER 8 CONNECT FROM CLIENT
SERVER 8 CONNECT FROM CLIENT
SERVER 8 CONNECT FROM CLIENT
SERVER 8 INCOMING FROM 87cf45878228602d @ 1743418778984656
SERVER 3 ACTIVE
SERVER 3 CONNECT FROM CLIENT
SERVER 3 CONNECT FROM CLIENT
SERVER 3 CONNECT FROM CLIENT
SERVER 3 INCOMING FROM 7ca2d2060981e829 @ 1743418778985950
SERVER 6 ACTIVE
SERVER 6 CONNECT FROM CLIENT
SERVER 6 CONNECT FROM CLIENT
SERVER 6 CONNECT FROM CLIENT
SERVER 6 CONNECT FROM CLIENT
SERVER 6 CONNECT FROM CLIENT
SERVER 6 INCOMING FROM b381108a63c5403d @ 1743418779036135
SERVER 5 ACTIVE
SERVER 5 CONNECT FROM CLIENT
SERVER 5 CONNECT FROM CLIENT
SERVER 5 INCOMING FROM b381108a63c5403d @ 1743418779442831
SERVER 4 INCOMING FROM b381108a63c5403d @ 1743418779848519
SERVER 8 CONNECT FROM CLIENT
SERVER 8 CONNECT FROM CLIENT
SERVER 8 INCOMING FROM d3ac6309bfad11f @ 1743418779998274
SERVER 1 ACTIVE
SERVER 1 CONNECT FROM CLIENT
SERVER 1 CONNECT FROM CLIENT
SERVER 1 CONNECT FROM CLIENT
SERVER 1 CONNECT FROM CLIENT
SERVER 1 CONNECT FROM CLIENT
SERVER 1 INCOMING FROM 20e54af2353591c @ 1743418779999326
SERVER 1 INCOMING FROM 4f4677336de6a037 @ 1743418780127944
SERVER 4 CONNECT FROM CLIENT
SERVER 4 INCOMING FROM b381108a63c5403d @ 1743418780252482
SERVER 4 INCOMING FROM beae830adc6db741 @ 1743418780347985
SERVER 3 CONNECT FROM CLIENT
SERVER 3 INCOMING FROM 441904b3f53f2833 @ 1743418780607178
SERVER 6 CONNECT FROM CLIENT
SERVER 6 INCOMING FROM b381108a63c5403d @ 1743418780659669
SERVER 2 CONNECT FROM CLIENT
SERVER 2 CONNECT FROM CLIENT
SERVER 2 CONNECT FROM CLIENT
SERVER 2 INCOMING FROM ecb46eae32046914 @ 1743418781007008
SERVER 8 CONNECT FROM CLIENT
SERVER 8 CONNECT FROM CLIENT
SERVER 8 CONNECT FROM CLIENT
SERVER 8 INCOMING FROM e188fc2db95df110 @ 1743418781008915
SERVER 2 INCOMING FROM b381108a63c5403d @ 1743418781066942
SERVER 6 CONNECT FROM CLIENT
SERVER 6 INCOMING FROM 87cf45878228602d @ 1743418781289358
SERVER 4 CONNECT FROM CLIENT
SERVER 4 CONNECT FROM CLIENT
SERVER 4 INCOMING FROM ecb46eae32046914 @ 1743418781439378
SERVER 2 INCOMING FROM b381108a63c5403d @ 1743418781471539
SERVER 6 INCOMING FROM 7ca2d2060981e829 @ 1743418781765371
SERVER 4 INCOMING FROM ecb46eae32046914 @ 1743418781869150
SERVER 6 INCOMING FROM b381108a63c5403d @ 1743418781875466
SERVER 6 INCOMING FROM e188fc2db95df110 @ 1743418781915529
SERVER 5 CONNECT FROM CLIENT
SERVER 5 INCOMING FROM d3ac6309bfad11f @ 1743418782006213
SERVER 7 CONNECT FROM CLIENT
SERVER 7 CONNECT FROM CLIENT
SERVER 7 CONNECT FROM CLIENT
SERVER 7 CONNECT FROM CLIENT
SERVER 7 CONNECT FROM CLIENT
SERVER 7 CONNECT FROM CLIENT
SERVER 7 INCOMING FROM 243d3c0146462909 @ 1743418782018928
SERVER 4 CONNECT FROM CLIENT
SERVER 4 CONNECT FROM CLIENT
SERVER 4 INCOMING FROM 1911ca81ce9fb205 @ 1743418782020535
SERVER 7 CONNECT FROM CLIENT
SERVER 7 INCOMING FROM b381108a63c5403d @ 1743418782281535
SERVER 1 CONNECT FROM CLIENT
SERVER 1 CONNECT FROM CLIENT
SERVER 1 INCOMING FROM 4f4677336de6a037 @ 1743418782285822
SERVER 1 INCOMING FROM ecb46eae32046914 @ 1743418782301851
SERVER 2 CONNECT FROM CLIENT
SERVER 2 INCOMING FROM 20e54af2353591c @ 1743418782482151
SERVER 7 INCOMING FROM 243d3c0146462909 @ 1743418782597565
SERVER 4 INCOMING FROM b381108a63c5403d @ 1743418782685621
SERVER 1 INCOMING FROM ecb46eae32046914 @ 1743418782732544
SERVER 4 INCOMING FROM e188fc2db95df110 @ 1743418782822002
SERVER 2 CONNECT FROM CLIENT
SERVER 2 INCOMING FROM 5cc60a555a88eafe @ 1743418783033423
SERVER 8 CONNECT FROM CLIENT
SERVER 8 CONNECT FROM CLIENT
SERVER 8 CONNECT FROM CLIENT
SERVER 8 INCOMING FROM 519a98d4e2e072fa @ 1743418783034965
SERVER 3 CONNECT FROM CLIENT
SERVER 3 CONNECT FROM CLIENT
SERVER 3 CONNECT FROM CLIENT
SERVER 3 INCOMING FROM 1911ca81ce9fb205 @ 1743418783077798
SERVER 2 INCOMING FROM b381108a63c5403d @ 1743418783092018
SERVER 1 INCOMING FROM ecb46eae32046914 @ 1743418783164844
SERVER 5 CONNECT FROM CLIENT
SERVER 5 CONNECT FROM CLIENT
SERVER 5 CONNECT FROM CLIENT
SERVER 5 INCOMING FROM 243d3c0146462909 @ 1743418783179793
SERVER 4 CONNECT FROM CLIENT
SERVER 4 INCOMING FROM 441904b3f53f2833 @ 1743418783239968
SERVER 7 CONNECT FROM CLIENT
SERVER 7 CONNECT FROM CLIENT
SERVER 7 INCOMING FROM beae830adc6db741 @ 1743418783278871
SERVER 4 INCOMING FROM b381108a63c5403d @ 1743418783499238
SERVER 6 CONNECT FROM CLIENT
SERVER 6 CONNECT FROM CLIENT
SERVER 6 INCOMING FROM 87cf45878228602d @ 1743418783591482
SERVER 2 INCOMING FROM ecb46eae32046914 @ 1743418783597275
SERVER 7 INCOMING FROM e188fc2db95df110 @ 1743418783727402
SERVER 7 INCOMING FROM 243d3c0146462909 @ 1743418783759695
SERVER 6 INCOMING FROM b381108a63c5403d @ 1743418783903806
SERVER 8 INCOMING FROM d3ac6309bfad11f @ 1743418784012627
SERVER 4 INCOMING FROM ecb46eae32046914 @ 1743418784026052
SERVER 2 CONNECT FROM CLIENT
SERVER 2 INCOMING FROM 3b41b2d3f19282f3 @ 1743418784048010
SERVER 5 CONNECT FROM CLIENT
SERVER 5 CONNECT FROM CLIENT
SERVER 5 INCOMING FROM 30143f5379ea0aef @ 1743418784049282
SERVER 3 INCOMING FROM 5cc60a555a88eafe @ 1743418784115470
SERVER 3 INCOMING FROM 1911ca81ce9fb205 @ 1743418784130815
SERVER 5 INCOMING FROM b381108a63c5403d @ 1743418784309155
SERVER 1 CONNECT FROM CLIENT
SERVER 1 INCOMING FROM 243d3c0146462909 @ 1743418784339997
SERVER 7 INCOMING FROM 4f4677336de6a037 @ 1743418784440532
SERVER 8 CONNECT FROM CLIENT
SERVER 8 CONNECT FROM CLIENT
SERVER 8 INCOMING FROM ecb46eae32046914 @ 1743418784458790
SERVER 5 INCOMING FROM 7ca2d2060981e829 @ 1743418784546244
SERVER 4 CONNECT FROM CLIENT
SERVER 4 INCOMING FROM 519a98d4e2e072fa @ 1743418784589858
SERVER 4 INCOMING FROM e188fc2db95df110 @ 1743418784632313
SERVER 4 INCOMING FROM b381108a63c5403d @ 1743418784715988
SERVER 8 INCOMING FROM ecb46eae32046914 @ 1743418784891221
SERVER 1 INCOMING FROM 243d3c0146462909 @ 1743418784921494
SERVER 6 CONNECT FROM CLIENT
SERVER 6 CONNECT FROM CLIENT
SERVER 6 INCOMING FROM 20e54af2353591c @ 1743418784962637
SERVER 5 CONNECT FROM CLIENT
SERVER 5 INCOMING FROM 73ca802705d343e8 @ 1743418785058627
SERVER 2 CONNECT FROM CLIENT
SERVER 2 CONNECT FROM CLIENT
SERVER 2 INCOMING FROM 689d0da68d2ccbe4 @ 1743418785059298
SERVER 2 INCOMING FROM b381108a63c5403d @ 1743418785122394
SERVER 7 INCOMING FROM 1911ca81ce9fb205 @ 1743418785186160
SERVER 2 INCOMING FROM 689d0da68d2ccbe4 @ 1743418785189923
SERVER 3 CONNECT FROM CLIENT
SERVER 3 INCOMING FROM 5cc60a555a88eafe @ 1743418785194916
SERVER 6 CONNECT FROM CLIENT
SERVER 6 CONNECT FROM CLIENT
SERVER 6 INCOMING FROM 689d0da68d2ccbe4 @ 1743418785321415
SERVER 4 CONNECT FROM CLIENT
SERVER 4 INCOMING FROM ecb46eae32046914 @ 1743418785321415
SERVER 1 CONNECT FROM CLIENT
SERVER 1 CONNECT FROM CLIENT
SERVER 1 INCOMING FROM 689d0da68d2ccbe4 @ 1743418785450497
SERVER 1 INCOMING FROM 243d3c0146462909 @ 1743418785499643
SERVER 6 CLOSING b381108a63c5403d ESTIMATE 1215
SERVER 6 INCOMING FROM e188fc2db95df110 @ 1743418785536796
SERVER 1 INCOMING FROM 689d0da68d2ccbe4 @ 1743418785582511
SERVER 2 CLOSING b381108a63c5403d ESTIMATE 404
SERVER 2 INCOMING FROM 689d0da68d2ccbe4 @ 1743418785712102
SERVER 1 INCOMING FROM ecb46eae32046914 @ 1743418785751851
SERVER 2 INCOMING FROM 689d0da68d2ccbe4 @ 1743418785842868
SERVER 1 INCOMING FROM 441904b3f53f2833 @ 1743418785870014
SERVER 6 INCOMING FROM 87cf45878228602d @ 1743418785898755
SERVER 3 INCOMING FROM 689d0da68d2ccbe4 @ 1743418785974546
SERVER 5 CLOSING b381108a63c5403d ESTIMATE 4866
SERVER 5 INCOMING FROM d3ac6309bfad11f @ 1743418786019952
SERVER 7 CLOSING b381108a63c5403d ESTIMATE 4459
SERVER 7 CONNECT FROM CLIENT
SERVER 7 INCOMING FROM ab534e7b1a1503dd @ 1743418786069266
SERVER 5 CONNECT FROM CLIENT
SERVER 5 INCOMING FROM a026dcfaa16e8bd9 @ 1743418786070554
SERVER 2 CONNECT FROM CLIENT
SERVER 2 INCOMING FROM 243d3c0146462909 @ 1743418786079109
SERVER 1 CONNECT FROM CLIENT
SERVER 1 CONNECT FROM CLIENT
SERVER 1 INCOMING FROM 689d0da68d2ccbe4 @ 1743418786106781
SERVER 4 CLOSING b381108a63c5403d ESTIMATE 403
SERVER 4 CONNECT FROM CLIENT
SERVER 4 INCOMING FROM 519a98d4e2e072fa @ 1743418786145666
SERVER 2 INCOMING FROM ecb46eae32046914 @ 1743418786182231
SERVER 7 INCOMING FROM beae830adc6db741 @ 1743418786210096
SERVER 1 INCOMING FROM ab534e7b1a1503dd @ 1743418786226174
SERVER 8 CONNECT FROM CLIENT
SERVER 8 CONNECT FROM CLIENT
SERVER 8 INCOMING FROM 689d0da68d2ccbe4 @ 1743418786235964
SERVER 3 CONNECT FROM CLIENT
SERVER 3 CONNECT FROM CLIENT
SERVER 3 INCOMING FROM 1911ca81ce9fb205 @ 1743418786240404
SERVER 7 INCOMING FROM 5cc60a555a88eafe @ 1743418786275972
SERVER 1 INCOMING FROM 689d0da68d2ccbe4 @ 1743418786367647
SERVER 4 INCOMING FROM ab534e7b1a1503dd @ 1743418786384327
SERVER 3 INCOMING FROM e188fc2db95df110 @ 1743418786440058
SERVER 6 CONNECT FROM CLIENT
SERVER 6 CONNECT FROM CLIENT
SERVER 6 INCOMING FROM 689d0da68d2ccbe4 @ 1743418786500257
SERVER 3 INCOMING FROM ab534e7b1a1503dd @ 1743418786542754
SERVER 4 INCOMING FROM 3b41b2d3f19282f3 @ 1743418786553658
SERVER 7 INCOMING FROM 4f4677336de6a037 @ 1743418786595193
SERVER 7 INCOMING FROM ecb46eae32046914 @ 1743418786610441
SERVER 2 INCOMING FROM 689d0da68d2ccbe4 @ 1743418786630345
SERVER 1 INCOMING FROM 243d3c0146462909 @ 1743418786657801
SERVER 1 INCOMING FROM ab534e7b1a1503dd @ 1743418786700408
SERVER 5 INCOMING FROM a026dcfaa16e8bd9 @ 1743418786704792
SERVER 2 INCOMING FROM 689d0da68d2ccbe4 @ 1743418786761080
SERVER 7 INCOMING FROM ab534e7b1a1503dd @ 1743418786859209
SERVER 1 INCOMING FROM 689d0da68d2ccbe4 @ 1743418786891296
SERVER 4 INCOMING FROM ab534e7b1a1503dd @ 1743418787021095
SERVER 3 INCOMING FROM 689d0da68d2ccbe4 @ 1743418787021365
SERVER 5 INCOMING FROM 30143f5379ea0aef @ 1743418787031543
SERVER 2 INCOMING FROM ecb46eae32046914 @ 1743418787042506
SERVER 2 INCOMING FROM 689d0da68d2ccbe4 @ 1743418787154251
SERVER 3 INCOMING FROM ab534e7b1a1503dd @ 1743418787177856
SERVER 1 INCOMING FROM 243d3c0146462909 @ 1743418787236837
SERVER 3 INCOMING FROM 689d0da68d2ccbe4 @ 1743418787286628
SERVER 8 INCOMING FROM 1911ca81ce9fb205 @ 1743418787296087
SERVER 5 INCOMING FROM 7ca2d2060981e829 @ 1743418787325463
SERVER 6 INCOMING FROM ab534e7b1a1503dd @ 1743418787337083
SERVER 3 INCOMING FROM a026dcfaa16e8bd9 @ 1743418787337772
SERVER 8 INCOMING FROM e188fc2db95df110 @ 1743418787345729
SERVER 2 INCOMING FROM 5cc60a555a88eafe @ 1743418787358885
SERVER 1 INCOMING FROM 689d0da68d2ccbe4 @ 1743418787418339
SERVER 1 INCOMING FROM 20e54af2353591c @ 1743418787443694
SERVER 8 INCOMING FROM ecb46eae32046914 @ 1743418787471764
SERVER 6 INCOMING FROM ab534e7b1a1503dd @ 1743418787496387
SERVER 1 INCOMING FROM 689d0da68d2ccbe4 @ 1743418787551554
SERVER 7 INCOMING FROM ab534e7b1a1503dd @ 1743418787704343
SERVER 5 INCOMING FROM 519a98d4e2e072fa @ 1743418787714976
SERVER 4 INCOMING FROM 73ca802705d343e8 @ 1743418787716013
SERVER 7 INCOMING FROM 243d3c0146462909 @ 1743418787817576
SERVER 3 CLOSING 689d0da68d2ccbe4 ESTIMATE 265
SERVER 3 INCOMING FROM ab534e7b1a1503dd @ 1743418787858834
SERVER 1 CLOSING 689d0da68d2ccbe4 ESTIMATE 132
SERVER 1 INCOMING FROM ecb46eae32046914 @ 1743418787904848
SERVER 1 INCOMING FROM a026dcfaa16e8bd9 @ 1743418787970827
SERVER 3 INCOMING FROM ab534e7b1a1503dd @ 1743418788016468
SERVER 4 INCOMING FROM d3ac6309bfad11f @ 1743418788028164
SERVER 6 CLOSING 689d0da68d2ccbe4 ESTIMATE 1178
SERVER 6 INCOMING FROM ab534e7b1a1503dd @ 1743418788174535
SERVER 3 INCOMING FROM 87cf45878228602d @ 1743418788204333
SERVER 3 INCOMING FROM e188fc2db95df110 @ 1743418788250471
SERVER 1 INCOMING FROM ab534e7b1a1503dd @ 1743418788331617
SERVER 8 INCOMING FROM ecb46eae32046914 @ 1743418788338009
SERVER 5 INCOMING FROM 1911ca81ce9fb205 @ 1743418788349714
SERVER 4 INCOMING FROM 243d3c0146462909 @ 1743418788394587
SERVER 6 INCOMING FROM 5cc60a555a88eafe @ 1743418788441551
SERVER 3 INCOMING FROM ab534e7b1a1503dd @ 1743418788491731
SERVER 4 INCOMING FROM 441904b3f53f2833 @ 1743418788499070
SERVER 2 CLOSING 689d0da68d2ccbe4 ESTIMATE 130
SERVER 2 INCOMING FROM a026dcfaa16e8bd9 @ 1743418788608874
SERVER 7 INCOMING FROM ab534e7b1a1503dd @ 1743418788647751
SERVER 2 INCOMING FROM 4f4677336de6a037 @ 1743418788749750
SERVER 8 INCOMING FROM ecb46eae32046914 @ 1743418788767402
SERVER 3 INCOMING FROM ab534e7b1a1503dd @ 1743418788805812
SERVER 4 INCOMING FROM ab534e7b1a1503dd @ 1743418788965223
SERVER 2 INCOMING FROM 243d3c0146462909 @ 1743418788971844
SERVER 5 INCOMING FROM 3b41b2d3f19282f3 @ 1743418789059762
SERVER 3 INCOMING FROM ab534e7b1a1503dd @ 1743418789121952
SERVER 2 INCOMING FROM beae830adc6db741 @ 1743418789139601
SERVER 7 INCOMING FROM e188fc2db95df110 @ 1743418789156072
SERVER 4 INCOMING FROM ecb46eae32046914 @ 1743418789201982
SERVER 6 INCOMING FROM a026dcfaa16e8bd9 @ 1743418789241356
SERVER 5 INCOMING FROM 519a98d4e2e072fa @ 1743418789265399
SERVER 5 INCOMING FROM 1911ca81ce9fb205 @ 1743418789404939
SERVER 8 INCOMING FROM 5cc60a555a88eafe @ 1743418789524612
SERVER 2 INCOMING FROM 243d3c0146462909 @ 1743418789552314
SERVER 6 CLOSING ab534e7b1a1503dd ESTIMATE 159
SERVER 6 INCOMING FROM a026dcfaa16e8bd9 @ 1743418789874176
SERVER 1 CLOSING ab534e7b1a1503dd ESTIMATE 474
SERVER 1 CLOSING ecb46eae32046914 ESTIMATE 430
SERVER 1 INCOMING FROM 20e54af2353591c @ 1743418789925720
SERVER 6 INCOMING FROM 30143f5379ea0aef @ 1743418790011170
SERVER 3 CLOSING ab534e7b1a1503dd ESTIMATE 157
SERVER 3 INCOMING FROM d3ac6309bfad11f @ 1743418790031406
SERVER 3 INCOMING FROM e188fc2db95df110 @ 1743418790064275
SERVER 6 INCOMING FROM 7ca2d2060981e829 @ 1743418790103288
SERVER 2 CLOSING ecb46eae32046914 ESTIMATE 860
SERVER 2 INCOMING FROM 243d3c0146462909 @ 1743418790129986
SERVER 6 INCOMING FROM 73ca802705d343e8 @ 1743418790373929
SERVER 3 INCOMING FROM 1911ca81ce9fb205 @ 1743418790476399
SERVER 6 INCOMING FROM a026dcfaa16e8bd9 @ 1743418790508204
SERVER 6 INCOMING FROM 87cf45878228602d @ 1743418790523484
SERVER 2 INCOMING FROM 5cc60a555a88eafe @ 1743418790603704
SERVER 5 INCOMING FROM 243d3c0146462909 @ 1743418790711454
SERVER 5 INCOMING FROM 519a98d4e2e072fa @ 1743418790822883
SERVER 8 CLOSING ecb46eae32046914 ESTIMATE 429
SERVER 8 INCOMING FROM 4f4677336de6a037 @ 1743418790906366
SERVER 3 INCOMING FROM e188fc2db95df110 @ 1743418790969326
SERVER 1 INCOMING FROM 441904b3f53f2833 @ 1743418791130112
SERVER 1 INCOMING FROM a026dcfaa16e8bd9 @ 1743418791139893
SERVER 5 INCOMING FROM 243d3c0146462909 @ 1743418791290019
SERVER 7 CLOSING ab534e7b1a1503dd ESTIMATE 789
SERVER 7 INCOMING FROM 1911ca81ce9fb205 @ 1743418791530510
SERVER 4 CLOSING ab534e7b1a1503dd ESTIMATE 636
SERVER 4 CLOSING ecb46eae32046914 ESTIMATE 429
SERVER 4 INCOMING FROM 3b41b2d3f19282f3 @ 1743418791566542
SERVER 2 INCOMING FROM 5cc60a555a88eafe @ 1743418791686932
SERVER 2 INCOMING FROM a026dcfaa16e8bd9 @ 1743418791772032
SERVER 2 INCOMING FROM 243d3c0146462909 @ 1743418791877614
SERVER 3 INCOMING FROM e188fc2db95df110 @ 1743418791878311
SERVER 5 INCOMING FROM d3ac6309bfad11f @ 1743418792036282
SERVER 2 INCOMING FROM beae830adc6db741 @ 1743418792069818
SERVER 8 INCOMING FROM 519a98d4e2e072fa @ 1743418792381693
SERVER 6 INCOMING FROM a026dcfaa16e8bd9 @ 1743418792405460
SERVER 7 INCOMING FROM 20e54af2353591c @ 1743418792405468
SERVER 7 INCOMING FROM 243d3c0146462909 @ 1743418792459039
SERVER 4 INCOMING FROM 1911ca81ce9fb205 @ 1743418792582884
SERVER 7 INCOMING FROM 5cc60a555a88eafe @ 1743418792771096
SERVER 8 INCOMING FROM e188fc2db95df110 @ 1743418792784249
SERVER 8 INCOMING FROM 87cf45878228602d @ 1743418792829973
SERVER 1 INCOMING FROM 7ca2d2060981e829 @ 1743418792880923
SERVER 1 INCOMING FROM 30143f5379ea0aef @ 1743418792990367
SERVER 1 INCOMING FROM 73ca802705d343e8 @ 1743418793028031
SERVER 1 INCOMING FROM a026dcfaa16e8bd9 @ 1743418793037788
SERVER 7 INCOMING FROM 243d3c0146462909 @ 1743418793037810
SERVER 4 INCOMING FROM 4f4677336de6a037 @ 1743418793060333
SERVER 5 CLOSING 243d3c0146462909 ESTIMATE 578
SERVER 5 INCOMING FROM 1911ca81ce9fb205 @ 1743418793639826
SERVER 1 CLOSING 243d3c0146462909 ESTIMATE 578
SERVER 1 INCOMING FROM a026dcfaa16e8bd9 @ 1743418793683060
SERVER 7 CLOSING 243d3c0146462909 ESTIMATE 578
SERVER 7 INCOMING FROM e188fc2db95df110 @ 1743418793689432
SERVER 6 INCOMING FROM 441904b3f53f2833 @ 1743418793762155
SERVER 2 CLOSING 243d3c0146462909 ESTIMATE 577
SERVER 2 INCOMING FROM 5cc60a555a88eafe @ 1743418793850537
SERVER 5 INCOMING FROM 519a98d4e2e072fa @ 1743418793940691
SERVER 5 INCOMING FROM d3ac6309bfad11f @ 1743418794038517
SERVER 5 INCOMING FROM 3b41b2d3f19282f3 @ 1743418794070770
SERVER 2 INCOMING FROM a026dcfaa16e8bd9 @ 1743418794319770
SERVER 4 INCOMING FROM e188fc2db95df110 @ 1743418794593269
SERVER 8 INCOMING FROM 1911ca81ce9fb205 @ 1743418794693154
SERVER 2 INCOMING FROM 20e54af2353591c @ 1743418794884319
SERVER 8 INCOMING FROM 5cc60a555a88eafe @ 1743418794932832
SERVER 3 INCOMING FROM a026dcfaa16e8bd9 @ 1743418794952464
SERVER 7 INCOMING FROM beae830adc6db741 @ 1743418795001880
SERVER 3 INCOMING FROM 87cf45878228602d @ 1743418795132163
SERVER 4 INCOMING FROM 4f4677336de6a037 @ 1743418795218309
SERVER 5 INCOMING FROM 519a98d4e2e072fa @ 1743418795499700
SERVER 3 INCOMING FROM e188fc2db95df110 @ 1743418795499752
SERVER 5 INCOMING FROM a026dcfaa16e8bd9 @ 1743418795585362
SERVER 8 INCOMING FROM 7ca2d2060981e829 @ 1743418795662033
SERVER 8 INCOMING FROM 73ca802705d343e8 @ 1743418795686307
SERVER 4 INCOMING FROM 1911ca81ce9fb205 @ 1743418795748769
SERVER 5 INCOMING FROM 30143f5379ea0aef @ 1743418795970127
SERVER 6 INCOMING FROM 5cc60a555a88eafe @ 1743418796012274
SERVER 7 INCOMING FROM d3ac6309bfad11f @ 1743418796042120
SERVER 2 INCOMING FROM a026dcfaa16e8bd9 @ 1743418796215558
SERVER 1 INCOMING FROM 441904b3f53f2833 @ 1743418796395353
SERVER 8 INCOMING FROM e188fc2db95df110 @ 1743418796404487
SERVER 8 INCOMING FROM 3b41b2d3f19282f3 @ 1743418796577179
SERVER 7 INCOMING FROM 1911ca81ce9fb205 @ 1743418796801435
SERVER 2 INCOMING FROM a026dcfaa16e8bd9 @ 1743418796847969
SERVER 5 INCOMING FROM 519a98d4e2e072fa @ 1743418797054346
SERVER 8 INCOMING FROM 5cc60a555a88eafe @ 1743418797091710
SERVER 6 INCOMING FROM e188fc2db95df110 @ 1743418797311867
SERVER 8 INCOMING FROM 20e54af2353591c @ 1743418797365615
SERVER 1 INCOMING FROM 4f4677336de6a037 @ 1743418797371517
SERVER 1 INCOMING FROM 87cf45878228602d @ 1743418797434591
SERVER 1 INCOMING FROM a026dcfaa16e8bd9 @ 1743418797480670
SERVER 5 INCOMING FROM 1911ca81ce9fb205 @ 1743418797853565
SERVER 6 INCOMING FROM beae830adc6db741 @ 1743418797930420
SERVER 3 INCOMING FROM d3ac6309bfad11f @ 1743418798047782
SERVER 5 INCOMING FROM a026dcfaa16e8bd9 @ 1743418798111448
SERVER 6 INCOMING FROM 5cc60a555a88eafe @ 1743418798172828
SERVER 7 INCOMING FROM e188fc2db95df110 @ 1743418798217448
SERVER 1 INCOMING FROM 73ca802705d343e8 @ 1743418798342467
SERVER 6 INCOMING FROM 7ca2d2060981e829 @ 1743418798439773
SERVER 8 INCOMING FROM 519a98d4e2e072fa @ 1743418798611717
SERVER 3 CLOSING a026dcfaa16e8bd9 ESTIMATE 7614
SERVER 3 INCOMING FROM 1911ca81ce9fb205 @ 1743418798909645
SERVER 1 CLOSING a026dcfaa16e8bd9 ESTIMATE 645
SERVER 1 INCOMING FROM 30143f5379ea0aef @ 1743418798959226
SERVER 1 INCOMING FROM 441904b3f53f2833 @ 1743418799026185
SERVER 8 INCOMING FROM 3b41b2d3f19282f3 @ 1743418799081791
SERVER 6 CLOSING a026dcfaa16e8bd9 ESTIMATE 632
SERVER 6 CLOSING e188fc2db95df110 ESTIMATE 3621
SERVER 6 INCOMING FROM 5cc60a555a88eafe @ 1743418799256913
SERVER 7 CLOSING e188fc2db95df110 ESTIMATE 4528
SERVER 7 INCOMING FROM 4f4677336de6a037 @ 1743418799526057
SERVER 2 CLOSING a026dcfaa16e8bd9 ESTIMATE 632
SERVER 2 INCOMING FROM 87cf45878228602d @ 1743418799743474
SERVER 2 INCOMING FROM 20e54af2353591c @ 1743418799847672
SERVER 8 CLOSING e188fc2db95df110 ESTIMATE 3620
SERVER 8 INCOMING FROM 1911ca81ce9fb205 @ 1743418799977432
SERVER 3 CLOSING e188fc2db95df110 ESTIMATE 905
SERVER 3 INCOMING FROM d3ac6309bfad11f @ 1743418800061587
SERVER 6 INCOMING FROM 519a98d4e2e072fa @ 1743418800168100
SERVER 8 INCOMING FROM 5cc60a555a88eafe @ 1743418800340046
SERVER 2 INCOMING FROM beae830adc6db741 @ 1743418800857545
SERVER 4 CLOSING e188fc2db95df110 ESTIMATE 1810
SERVER 4 INCOMING FROM 73ca802705d343e8 @ 1743418801002368
SERVER 4 INCOMING FROM 1911ca81ce9fb205 @ 1743418801027026
SERVER 5 CLOSING a026dcfaa16e8bd9 ESTIMATE 634
SERVER 5 INCOMING FROM 7ca2d2060981e829 @ 1743418801221354
SERVER 8 INCOMING FROM 5cc60a555a88eafe @ 1743418801421514
SERVER 5 INCOMING FROM 3b41b2d3f19282f3 @ 1743418801591354
SERVER 4 INCOMING FROM 441904b3f53f2833 @ 1743418801658198
SERVER 7 INCOMING FROM 4f4677336de6a037 @ 1743418801683253
SERVER 7 INCOMING FROM 519a98d4e2e072fa @ 1743418801726756
SERVER 8 INCOMING FROM 30143f5379ea0aef @ 1743418801941892
SERVER 1 INCOMING FROM 87cf45878228602d @ 1743418802051794
SERVER 4 INCOMING FROM d3ac6309bfad11f @ 1743418802073833
SERVER 4 INCOMING FROM 1911ca81ce9fb205 @ 1743418802082906
SERVER 6 INCOMING FROM 20e54af2353591c @ 1743418802325872
SERVER 7 INCOMING FROM 5cc60a555a88eafe @ 1743418802501979
SERVER 6 INCOMING FROM 519a98d4e2e072fa @ 1743418803282497
SERVER 3 CLOSING 1911ca81ce9fb205 ESTIMATE 1053
SERVER 3 INCOMING FROM 5cc60a555a88eafe @ 1743418803584119
SERVER 4 CLOSING 1911ca81ce9fb205 ESTIMATE 1055
SERVER 4 INCOMING FROM 73ca802705d343e8 @ 1743418803658055
SERVER 6 INCOMING FROM beae830adc6db741 @ 1743418803787085
SERVER 4 INCOMING FROM 4f4677336de6a037 @ 1743418803840919
SERVER 1 INCOMING FROM 7ca2d2060981e829 @ 1743418804014526
SERVER 5 CLOSING 1911ca81ce9fb205 ESTIMATE 1055
SERVER 5 INCOMING FROM d3ac6309bfad11f @ 1743418804080303
SERVER 5 INCOMING FROM 3b41b2d3f19282f3 @ 1743418804098084
SERVER 6 INCOMING FROM 441904b3f53f2833 @ 1743418804287463
SERVER 1 INCOMING FROM 87cf45878228602d @ 1743418804355259
SERVER 1 INCOMING FROM 20e54af2353591c @ 1743418804806476
SERVER 5 INCOMING FROM 519a98d4e2e072fa @ 1743418804840437
SERVER 5 INCOMING FROM 30143f5379ea0aef @ 1743418804924649
SERVER 8 CLOSING 1911ca81ce9fb205 ESTIMATE 5284
SERVER 8 CLOSING 5cc60a555a88eafe ESTIMATE 1081
SERVER 8 INCOMING FROM 4f4677336de6a037 @ 1743418805994370
SERVER 5 INCOMING FROM d3ac6309bfad11f @ 1743418806088208
SERVER 8 INCOMING FROM 73ca802705d343e8 @ 1743418806313849
SERVER 5 INCOMING FROM 519a98d4e2e072fa @ 1743418806395163
SERVER 8 INCOMING FROM 3b41b2d3f19282f3 @ 1743418806605745
SERVER 3 CLOSING 5cc60a555a88eafe ESTIMATE 1079
SERVER 3 INCOMING FROM 87cf45878228602d @ 1743418806657747
SERVER 7 CLOSING 1911ca81ce9fb205 ESTIMATE 5270
SERVER 7 CLOSING 5cc60a555a88eafe ESTIMATE 6495
SERVER 7 INCOMING FROM beae830adc6db741 @ 1743418806715193
SERVER 8 INCOMING FROM 7ca2d2060981e829 @ 1743418806790525
SERVER 1 INCOMING FROM 441904b3f53f2833 @ 1743418806918252
SERVER 7 INCOMING FROM 20e54af2353591c @ 1743418807289093
SERVER 5 INCOMING FROM 30143f5379ea0aef @ 1743418807906631
SERVER 6 CLOSING 5cc60a555a88eafe ESTIMATE 1084
SERVER 6 INCOMING FROM 519a98d4e2e072fa @ 1743418807953631
SERVER 8 INCOMING FROM d3ac6309bfad11f @ 1743418808095638
SERVER 1 INCOMING FROM 4f4677336de6a037 @ 1743418808152384
SERVER 3 INCOMING FROM 87cf45878228602d @ 1743418808960547
SERVER 6 INCOMING FROM 73ca802705d343e8 @ 1743418808971995
SERVER 2 CLOSING 5cc60a555a88eafe ESTIMATE 1083
SERVER 2 INCOMING FROM 3b41b2d3f19282f3 @ 1743418809111402
SERVER 5 INCOMING FROM 519a98d4e2e072fa @ 1743418809510173
SERVER 6 INCOMING FROM 441904b3f53f2833 @ 1743418809550914
SERVER 3 INCOMING FROM 7ca2d2060981e829 @ 1743418809570668
SERVER 7 INCOMING FROM beae830adc6db741 @ 1743418809646317
SERVER 1 INCOMING FROM 20e54af2353591c @ 1743418809770429
SERVER 5 INCOMING FROM d3ac6309bfad11f @ 1743418810101227
SERVER 2 INCOMING FROM 4f4677336de6a037 @ 1743418810308886
SERVER 2 INCOMING FROM 30143f5379ea0aef @ 1743418810890917
SERVER 7 INCOMING FROM 519a98d4e2e072fa @ 1743418811064757
SERVER 2 INCOMING FROM 87cf45878228602d @ 1743418811267393
SERVER 2 INCOMING FROM 3b41b2d3f19282f3 @ 1743418811620304
SERVER 5 INCOMING FROM 73ca802705d343e8 @ 1743418811626280
SERVER 4 INCOMING FROM d3ac6309bfad11f @ 1743418812105478
SERVER 1 INCOMING FROM 441904b3f53f2833 @ 1743418812182773
SERVER 2 INCOMING FROM 20e54af2353591c @ 1743418812250371
SERVER 3 INCOMING FROM 7ca2d2060981e829 @ 1743418812348061
SERVER 8 INCOMING FROM 4f4677336de6a037 @ 1743418812466382
SERVER 6 INCOMING FROM beae830adc6db741 @ 1743418812576274
SERVER 6 INCOMING FROM 519a98d4e2e072fa @ 1743418812621046
SERVER 1 INCOMING FROM 87cf45878228602d @ 1743418813570401
SERVER 8 INCOMING FROM 30143f5379ea0aef @ 1743418813870115
SERVER 3 INCOMING FROM d3ac6309bfad11f @ 1743418814111230
SERVER 2 INCOMING FROM 3b41b2d3f19282f3 @ 1743418814126670
SERVER 5 CLOSING 519a98d4e2e072fa ESTIMATE 1550
SERVER 5 INCOMING FROM 73ca802705d343e8 @ 1743418814282699
SERVER 2 INCOMING FROM 4f4677336de6a037 @ 1743418814623458
SERVER 1 INCOMING FROM 20e54af2353591c @ 1743418814732374
SERVER 1 INCOMING FROM 441904b3f53f2833 @ 1743418814813127
SERVER 3 INCOMING FROM 7ca2d2060981e829 @ 1743418815127228
SERVER 2 INCOMING FROM beae830adc6db741 @ 1743418815507928
SERVER 3 INCOMING FROM 87cf45878228602d @ 1743418815875525
SERVER 4 CLOSING 519a98d4e2e072fa ESTIMATE 1555
SERVER 4 INCOMING FROM d3ac6309bfad11f @ 1743418816119064
SERVER 5 INCOMING FROM 3b41b2d3f19282f3 @ 1743418816631075
SERVER 7 CLOSING 519a98d4e2e072fa ESTIMATE 9338
SERVER 7 INCOMING FROM 4f4677336de6a037 @ 1743418816780093
SERVER 6 CLOSING 519a98d4e2e072fa ESTIMATE 3114
SERVER 6 INCOMING FROM 30143f5379ea0aef @ 1743418816850582
SERVER 4 INCOMING FROM 73ca802705d343e8 @ 1743418816938423
SERVER 8 CLOSING 519a98d4e2e072fa ESTIMATE 6230
SERVER 8 INCOMING FROM 20e54af2353591c @ 1743418817213018
SERVER 6 INCOMING FROM 441904b3f53f2833 @ 1743418817445997
SERVER 6 INCOMING FROM 7ca2d2060981e829 @ 1743418817908340
SERVER 8 INCOMING FROM d3ac6309bfad11f @ 1743418818126081
SERVER 3 INCOMING FROM 87cf45878228602d @ 1743418818181153
SERVER 8 INCOMING FROM beae830adc6db741 @ 1743418818439067
SERVER 8 INCOMING FROM 4f4677336de6a037 @ 1743418818936635
SERVER 8 INCOMING FROM 3b41b2d3f19282f3 @ 1743418819135446
SERVER 4 INCOMING FROM 73ca802705d343e8 @ 1743418819596690
SERVER 7 INCOMING FROM 20e54af2353591c @ 1743418819692143
SERVER 2 INCOMING FROM 30143f5379ea0aef @ 1743418819831273
SERVER 6 INCOMING FROM 441904b3f53f2833 @ 1743418820077319
SERVER 6 INCOMING FROM 87cf45878228602d @ 1743418820484324
SERVER 6 INCOMING FROM 7ca2d2060981e829 @ 1743418820690050
SERVER 4 CLOSING d3ac6309bfad11f ESTIMATE 4013
SERVER 4 CLOSING 4f4677336de6a037 ESTIMATE 2157
SERVER 4 INCOMING FROM beae830adc6db741 @ 1743418821368001
SERVER 8 CLOSING d3ac6309bfad11f ESTIMATE 4014
SERVER 8 CLOSING 4f4677336de6a037 ESTIMATE 6470
SERVER 8 INCOMING FROM 3b41b2d3f19282f3 @ 1743418821640544
SERVER 2 CLOSING 4f4677336de6a037 ESTIMATE 4314
SERVER 2 INCOMING FROM 20e54af2353591c @ 1743418822170973
SERVER 6 INCOMING FROM 73ca802705d343e8 @ 1743418822253701
SERVER 1 CLOSING 4f4677336de6a037 ESTIMATE 2157
SERVER 1 INCOMING FROM 441904b3f53f2833 @ 1743418822710399
SERVER 2 INCOMING FROM 87cf45878228602d @ 1743418822790379
SERVER 1 INCOMING FROM 30143f5379ea0aef @ 1743418822810758
SERVER 5 CLOSING d3ac6309bfad11f ESTIMATE 2002
SERVER 5 INCOMING FROM 7ca2d2060981e829 @ 1743418823470459
SERVER 2 INCOMING FROM 3b41b2d3f19282f3 @ 1743418824147507
SERVER 7 CLOSING 4f4677336de6a037 ESTIMATE 2154
SERVER 7 INCOMING FROM beae830adc6db741 @ 1743418824298250
SERVER 6 INCOMING FROM 20e54af2353591c @ 1743418824653025
SERVER 8 INCOMING FROM 73ca802705d343e8 @ 1743418824911095
SERVER 6 CLOSING 87cf45878228602d ESTIMATE 2302
SERVER 6 INCOMING FROM 441904b3f53f2833 @ 1743418825342409
SERVER 1 CLOSING 87cf45878228602d ESTIMATE 2303
SERVER 1 INCOMING FROM 30143f5379ea0aef @ 1743418825790387
SERVER 1 INCOMING FROM 7ca2d2060981e829 @ 1743418826250988
SERVER 2 CLOSING 87cf45878228602d ESTIMATE 11522
SERVER 2 INCOMING FROM 3b41b2d3f19282f3 @ 1743418826654615
SERVER 2 INCOMING FROM 20e54af2353591c @ 1743418827132411
SERVER 4 INCOMING FROM beae830adc6db741 @ 1743418827226871
SERVER 8 CLOSING 87cf45878228602d ESTIMATE 13845
SERVER 8 INCOMING FROM 73ca802705d343e8 @ 1743418827568159
SERVER 4 INCOMING FROM 441904b3f53f2833 @ 1743418827972290
SERVER 1 INCOMING FROM 30143f5379ea0aef @ 1743418828771208
SERVER 3 CLOSING d3ac6309bfad11f ESTIMATE 2013
SERVER 3 CLOSING 87cf45878228602d ESTIMATE 2302
SERVER 3 INCOMING FROM 7ca2d2060981e829 @ 1743418829031744
SERVER 6 INCOMING FROM 3b41b2d3f19282f3 @ 1743418829162925
SERVER 4 INCOMING FROM beae830adc6db741 @ 1743418830156453
SERVER 5 INCOMING FROM 73ca802705d343e8 @ 1743418830223229
SERVER 2 CLOSING 20e54af2353591c ESTIMATE 4961
SERVER 2 INCOMING FROM 3b41b2d3f19282f3 @ 1743418831667669
SERVER 6 CLOSING 20e54af2353591c ESTIMATE 17363
SERVER 6 CLOSING 441904b3f53f2833 ESTIMATE 2631
SERVER 6 INCOMING FROM 30143f5379ea0aef @ 1743418831750607
SERVER 5 INCOMING FROM 7ca2d2060981e829 @ 1743418831813203
SERVER 5 INCOMING FROM 73ca802705d343e8 @ 1743418832880094
SERVER 8 CLOSING 20e54af2353591c ESTIMATE 19847
SERVER 8 INCOMING FROM beae830adc6db741 @ 1743418833088284
SUPERVISOR STARTING 8
SUPERVISOR ESTIMATE 403 FOR b381108a63c5403d FROM 4
SUPERVISOR ESTIMATE 4866 FOR b381108a63c5403d FROM 5
SUPERVISOR ESTIMATE 404 FOR b381108a63c5403d FROM 2
SUPERVISOR ESTIMATE 1215 FOR b381108a63c5403d FROM 6
SUPERVISOR ESTIMATE 4459 FOR b381108a63c5403d FROM 7
SUPERVISOR ESTIMATE 130 FOR 689d0da68d2ccbe4 FROM 2
SUPERVISOR ESTIMATE 265 FOR 689d0da68d2ccbe4 FROM 3
SUPERVISOR ESTIMATE 132 FOR 689d0da68d2ccbe4 FROM 1
SUPERVISOR ESTIMATE 1178 FOR 689d0da68d2ccbe4 FROM 6
SUPERVISOR ESTIMATE 789 FOR ab534e7b1a1503dd FROM 7
SUPERVISOR ESTIMATE 636 FOR ab534e7b1a1503dd FROM 4
SUPERVISOR ESTIMATE 159 FOR ab534e7b1a1503dd FROM 6
SUPERVISOR ESTIMATE 157 FOR ab534e7b1a1503dd FROM 3
SUPERVISOR ESTIMATE 474 FOR ab534e7b1a1503dd FROM 1
SUPERVISOR ESTIMATE 429 FOR ecb46eae32046914 FROM 4
SUPERVISOR ESTIMATE 429 FOR ecb46eae32046914 FROM 8
SUPERVISOR ESTIMATE 860 FOR ecb46eae32046914 FROM 2
SUPERVISOR ESTIMATE 430 FOR ecb46eae32046914 FROM 1
SUPERVISOR ESTIMATE 578 FOR 243d3c0146462909 FROM 7
SUPERVISOR ESTIMATE 577 FOR 243d3c0146462909 FROM 2
SUPERVISOR ESTIMATE 578 FOR 243d3c0146462909 FROM 1
SUPERVISOR ESTIMATE 578 FOR 243d3c0146462909 FROM 5
SUPERVISOR ESTIMATE 645 FOR a026dcfaa16e8bd9 FROM 1
SUPERVISOR ESTIMATE 632 FOR a026dcfaa16e8bd9 FROM 2
SUPERVISOR ESTIMATE 632 FOR a026dcfaa16e8bd9 FROM 6
SUPERVISOR ESTIMATE 7614 FOR a026dcfaa16e8bd9 FROM 3
SUPERVISOR ESTIMATE 634 FOR a026dcfaa16e8bd9 FROM 5
SUPERVISOR ESTIMATE 4528 FOR e188fc2db95df110 FROM 7
SUPERVISOR ESTIMATE 3621 FOR e188fc2db95df110 FROM 6
SUPERVISOR ESTIMATE 1810 FOR e188fc2db95df110 FROM 4
SUPERVISOR ESTIMATE 3620 FOR e188fc2db95df110 FROM 8
SUPERVISOR ESTIMATE 905 FOR e188fc2db95df110 FROM 3
SUPERVISOR ESTIMATE 1055 FOR 1911ca81ce9fb205 FROM 5
SUPERVISOR ESTIMATE 1053 FOR 1911ca81ce9fb205 FROM 3
SUPERVISOR ESTIMATE 1055 FOR 1911ca81ce9fb205 FROM 4
SUPERVISOR ESTIMATE 5270 FOR 1911ca81ce9fb205 FROM 7
SUPERVISOR ESTIMATE 5284 FOR 1911ca81ce9fb205 FROM 8
SUPERVISOR ESTIMATE 1081 FOR 5cc60a555a88eafe FROM 8
SUPERVISOR ESTIMATE 1079 FOR 5cc60a555a88eafe FROM 3
SUPERVISOR ESTIMATE 1083 FOR 5cc60a555a88eafe FROM 2
SUPERVISOR ESTIMATE 6495 FOR 5cc60a555a88eafe FROM 7
SUPERVISOR ESTIMATE 1084 FOR 5cc60a555a88eafe FROM 6
SUPERVISOR ESTIMATE 1550 FOR 519a98d4e2e072fa FROM 5
SUPERVISOR ESTIMATE 3114 FOR 519a98d4e2e072fa FROM 6
SUPERVISOR ESTIMATE 1555 FOR 519a98d4e2e072fa FROM 4
SUPERVISOR ESTIMATE 6230 FOR 519a98d4e2e072fa FROM 8
SUPERVISOR ESTIMATE 9338 FOR 519a98d4e2e072fa FROM 7
SUPERVISOR ESTIMATE 2013 FOR d3ac6309bfad11f FROM 3
SUPERVISOR ESTIMATE 4013 FOR d3ac6309bfad11f FROM 4
SUPERVISOR ESTIMATE 2002 FOR d3ac6309bfad11f FROM 5
SUPERVISOR ESTIMATE 4014 FOR d3ac6309bfad11f FROM 8
SUPERVISOR ESTIMATE 2157 FOR 4f4677336de6a037 FROM 4
SUPERVISOR ESTIMATE 2154 FOR 4f4677336de6a037 FROM 7
SUPERVISOR ESTIMATE 2157 FOR 4f4677336de6a037 FROM 1
SUPERVISOR ESTIMATE 6470 FOR 4f4677336de6a037 FROM 8
SUPERVISOR ESTIMATE 4314 FOR 4f4677336de6a037 FROM 2
SUPERVISOR ESTIMATE 2302 FOR 87cf45878228602d FROM 3
SUPERVISOR ESTIMATE 13845 FOR 87cf45878228602d FROM 8
SUPERVISOR ESTIMATE 2303 FOR 87cf45878228602d FROM 1
SUPERVISOR ESTIMATE 11522 FOR 87cf45878228602d FROM 2
SUPERVISOR ESTIMATE 2302 FOR 87cf45878228602d FROM 6
SUPERVISOR ESTIMATE 2482 FOR 20e54af2353591c FROM 1
SUPERVISOR ESTIMATE 17363 FOR 20e54af2353591c FROM 6
SUPERVISOR ESTIMATE 12403 FOR 20e54af2353591c FROM 7
SUPERVISOR ESTIMATE 4961 FOR 20e54af2353591c FROM 2
SUPERVISOR ESTIMATE 19847 FOR 20e54af2353591c FROM 8
SUPERVISOR ESTIMATE 2631 FOR 441904b3f53f2833 FROM 6
SUPERVISOR ESTIMATE 2630 FOR 441904b3f53f2833 FROM 1
SUPERVISOR ESTIMATE 5259 FOR 441904b3f53f2833 FROM 4
SUPERVISOR ESTIMATE 2504 FOR 3b41b2d3f19282f3 FROM 8
SUPERVISOR ESTIMATE 2506 FOR 3b41b2d3f19282f3 FROM 5
SUPERVISOR ESTIMATE 5012 FOR 3b41b2d3f19282f3 FROM 4
SUPERVISOR ESTIMATE 2506 FOR 3b41b2d3f19282f3 FROM 2
SUPERVISOR ESTIMATE 11128 FOR 7ca2d2060981e829 FROM 8
SUPERVISOR ESTIMATE 2779 FOR 7ca2d2060981e829 FROM 5
SUPERVISOR ESTIMATE 2777 FOR 7ca2d2060981e829 FROM 3
SUPERVISOR ESTIMATE 2781 FOR 7ca2d2060981e829 FROM 6
SUPERVISOR ESTIMATESERVER 2 CLOSING 3b41b2d3f19282f3 ESTIMATE 2506
SERVER 2 INCOMING FROM 30143f5379ea0aef @ 1743418834732668
SERVER 5 CLOSING 3b41b2d3f19282f3 ESTIMATE 2506
SERVER 5 CLOSING 7ca2d2060981e829 ESTIMATE 2779
SERVER 5 INCOMING FROM 73ca802705d343e8 @ 1743418835538043
SERVER 1 CLOSING 20e54af2353591c ESTIMATE 2482
SERVER 1 CLOSING 441904b3f53f2833 ESTIMATE 2630
SERVER 1 CLOSING 7ca2d2060981e829 ESTIMATE 11133
SERVER 1 INCOMING FROM 30143f5379ea0aef @ 1743418837715892
SERVER 5 CLOSING 73ca802705d343e8 ESTIMATE 2656
SERVER 5 INCOMING FROM 30143f5379ea0aef @ 1743418840697776
SERVER 7 CLOSING 20e54af2353591c ESTIMATE 12403
SERVER 7 CLOSING beae830adc6db741 ESTIMATE 2931
SERVER 5 CLOSING 30143f5379ea0aef ESTIMATE 2981
SERVER 4 CLOSING 441904b3f53f2833 ESTIMATE 5259
SERVER 4 CLOSING 3b41b2d3f19282f3 ESTIMATE 5012
SERVER 4 CLOSING beae830adc6db741 ESTIMATE 2929
SERVER 4 CLOSING 73ca802705d343e8 ESTIMATE 2655
SERVER 8 CLOSING 3b41b2d3f19282f3 ESTIMATE 2504
SERVER 8 CLOSING 7ca2d2060981e829 ESTIMATE 11128
SERVER 8 CLOSING beae830adc6db741 ESTIMATE 14649
SERVER 8 CLOSING 73ca802705d343e8 ESTIMATE 2657
SERVER 8 CLOSING 30143f5379ea0aef ESTIMATE 11928
SERVER 2 CLOSING beae830adc6db741 ESTIMATE 2930
SERVER 2 CLOSING 30143f5379ea0aef ESTIMATE 8940
SERVER 6 CLOSING 7ca2d2060981e829 ESTIMATE 2781
SERVER 6 CLOSING beae830adc6db741 ESTIMATE 5856
SERVER 6 CLOSING 73ca802705d343e8 ESTIMATE 13281
SERVER 6 CLOSING 30143f5379ea0aef ESTIMATE 14900
SERVER 3 CLOSING 7ca2d2060981e829 ESTIMATE 2777
 11133 FOR 7ca2d2060981e829 FROM 1
SUPERVISOR ESTIMATE 14649 FOR beae830adc6db741 FROM 8
SUPERVISOR ESTIMATE 2930 FOR beae830adc6db741 FROM 2
SUPERVISOR ESTIMATE 5856 FOR beae830adc6db741 FROM 6
SUPERVISOR ESTIMATE 2929 FOR beae830adc6db741 FROM 4
SUPERVISOR ESTIMATE 2931 FOR beae830adc6db741 FROM 7
SUPERVISOR ESTIMATE 2657 FOR 73ca802705d343e8 FROM 8
SUPERVISOR ESTIMATE 5314 FOR 73ca802705d343e8 FROM 1
SUPERVISOR ESTIMATE 13281 FOR 73ca802705d343e8 FROM 6
SUPERVISOR ESTIMATE 2655 FOR 73ca802705d343e8 FROM 4
SUPERVISOR ESTIMATE 2656 FOR 73ca802705d343e8 FROM 5
SUPERVISOR ESTIMATE 8940 FOR 30143f5379ea0aef FROM 2
SUPERVISOR ESTIMATE 2979 FOR 30143f5379ea0aef FROM 1
SUPERVISOR ESTIMATE 11928 FOR 30143f5379ea0aef FROM 8
SUPERVISOR ESTIMATE 14900 FOR 30143f5379ea0aef FROM 6
SUPERVISOR ESTIMATE 2981 FOR 30143f5379ea0aef FROM 5
SUPERVISOR ESTIMATE 2979 FOR 30143f5379ea0aef BASED ON 5
SUPERVISOR ESTIMATE 2655 FOR 73ca802705d343e8 BASED ON 5
SUPERVISOR ESTIMATE 2929 FOR beae830adc6db741 BASED ON 5
SUPERVISOR ESTIMATE 2777 FOR 7ca2d2060981e829 BASED ON 5
SUPERVISOR ESTIMATE 2504 FOR 3b41b2d3f19282f3 BASED ON 4
SUPERVISOR ESTIMATE 2630 FOR 441904b3f53f2833 BASED ON 3
SUPERVISOR ESTIMATE 2482 FOR 20e54af2353591c BASED ON 5
SUPERVISOR ESTIMATE 2302 FOR 87cf45878228602d BASED ON 5
SUPERVISOR ESTIMATE 2154 FOR 4f4677336de6a037 BASED ON 5
SUPERVISOR ESTIMATE 2002 FOR d3ac6309bfad11f BASED ON 4
SUPERVISOR ESTIMATE 1550 FOR 519a98d4e2e072fa BASED ON 5
SUPERVISOR ESTIMATE 1079 FOR 5cc60a555a88eafe BASED ON 5
SUPERVISOR ESTIMATE 1053 FOR 1911ca81ce9fb205 BASED ON 5
SUPERVISOR ESTIMATE 905 FOR e188fc2db95df110 BASED ON 5
SUPERVISOR ESTIMATE 632 FOR a026dcfaa16e8bd9 BASED ON 5
SUPERVISOR ESTIMATE 577 FOR 243d3c0146462909 BASED ON 4
SUPERVISOR ESTIMATE 429 FOR ecb46eae32046914 BASED ON 4
SUPERVISOR ESTIMATE 157 FOR ab534e7b1a1503dd BASED ON 5
SUPERVISOR ESTIMATE 130 FOR 689d0da68d2ccbe4 BASED ON 4
SUPERVISOR ESTIMATE 403 FOR b381108a63c5403d BASED ON 5
SUPERVISOR EXITING
SERVER 1 CLOSING 73ca802705d343e8 ESTIMATE 5314
SERVER 1 CLOSING 30143f5379ea0aef ESTIMATE 2979
